[2026-03-21T16:00:21.985Z] GET http://localhost:3000/ → 200 (8ms, 17122B)
[2026-03-21T16:00:22.003Z] GET http://localhost:3000/css/global.css → 200 (5ms, 8062B)
[2026-03-21T16:00:22.003Z] GET http://localhost:3000/css/components.css → 200 (6ms, 8621B)
[2026-03-21T16:00:22.004Z] GET http://localhost:3000/css/home.css → 200 (5ms, 10068B)
[2026-03-21T16:00:22.004Z] GET http://localhost:3000/images/logo.png → 200 (7ms, 7364B)
[2026-03-21T16:00:22.005Z] GET http://localhost:3000/images/facilities/image_01.jpg → 200 (6ms, 117633B)
[2026-03-21T16:00:22.005Z] GET http://localhost:3000/js/main.js → 200 (9ms, 1794B)
[2026-03-21T16:00:22.008Z] GET https://fonts.googleapis.com/css2?family=DM+Sans:ital,opsz,wght@0,9..40,300;0,9..40,400;0,9..40,500;0,9..40,600;1,9..40,400&family=Fredoka:wght@400;500;600&display=swap → 200 (66ms, 8100B)
[2026-03-21T16:00:22.151Z] GET https://fonts.gstatic.com/s/dmsans/v17/rP2Hp2ywxg089UriCZOIHTWEBlw.woff2 → 200 (64ms, 62556B)
[2026-03-21T16:00:22.151Z] GET https://fonts.gstatic.com/s/fredoka/v17/X7n64b87HvSqjb_WIi2yDCRwoQ_k7367_DWu89XgHPyh.woff2 → 200 (63ms, 29704B)
[2026-03-21T16:00:22.151Z] GET https://fonts.gstatic.com/s/dmsans/v17/rP2Wp2ywxg089UriCZaSExdy3sGt9zz86GPwyKy58UfivUw.woff2 → 200 (40ms, 28400B)
[2026-03-21T16:00:22.151Z] GET https://www.google.com/maps/embed?pb=!1m18!1m12!1m3!1d2487.5!2d-0.224!3d51.404!2m3!1f0!2f0!3f0!3m2!1i1024!2i768!4f13.1!3m3!1m2!1s0x4876053b5e6e4e4d%3A0x1b3e5c3a2d4e5f6a!2sRaynes%20Park%20Sports%20Ground%2C%20Taunton%20Ave%2C%20London%20SW20%200BH!5e0!3m2!1sen!2suk!4v1234567890 → 200 (167ms, 1364B)
[2026-03-21T16:00:22.319Z] GET https://maps.gstatic.com/maps-api-v3/embed/js/64/5d/init_embed.js → 200 (80ms, 245480B)
[2026-03-21T16:00:22.319Z] GET https://maps.googleapis.com/maps/api/js?key=AIzaSyCmL18misQw9KdwqGaw3zHkitj8vG6QF2Y&paint_origin=&libraries=geometry,search&v=weekly&loading=async&language=en_US&callback=onApiLoad → 200 (74ms, 12908B)
[2026-03-21T16:00:22.400Z] GET https://maps.googleapis.com/maps-api-v3/api/js/64/5d/search.js → 200 (9ms, 2643B)
[2026-03-21T16:00:22.400Z] GET https://maps.googleapis.com/maps-api-v3/api/js/64/5d/geometry.js → 200 (9ms, 7040B)
[2026-03-21T16:00:22.401Z] GET https://maps.googleapis.com/maps-api-v3/api/js/64/5d/main.js → 200 (43ms, 299860B)
[2026-03-21T16:00:22.476Z] GET https://maps.googleapis.com/maps/api/mapsjs/gen_204?csp_test=true → 200 (34ms, 3B)
[2026-03-21T16:00:22.492Z] GET https://maps.googleapis.com/maps-api-v3/api/js/64/5d/common.js → 200 (18ms, 126827B)
[2026-03-21T16:00:22.494Z] GET https://maps.googleapis.com/maps-api-v3/api/js/64/5d/util.js → 200 (17ms, ?B)
[2026-03-21T16:00:22.498Z] GET https://maps.googleapis.com/maps-api-v3/api/js/64/5d/map.js → 200 (12ms, 81644B)
[2026-03-21T16:00:22.500Z] GET https://maps.googleapis.com/maps-api-v3/api/js/64/5d/places.js → 200 (15ms, ?B)
[2026-03-21T16:00:22.502Z] GET https://maps.googleapis.com/maps/api/js/StaticMapService.GetMapImage?1m2&1i8377901&2i5586396&2e1&3u16&4m2&1u536&2u380&5m6&1e0&5sen-US&6sus&10b1&12b1&14i47083502&8e1&key=AIzaSyCmL18misQw9KdwqGaw3zHkitj8vG6QF2Y&token=37045 → pending (?ms, ?B)
[2026-03-21T16:01:12.062Z] GET http://localhost:3000/ → 200 (2ms, 17122B)
[2026-03-21T16:01:12.072Z] GET http://localhost:3000/css/global.css → 200 (5ms, 8062B)
[2026-03-21T16:01:12.072Z] GET http://localhost:3000/css/components.css → 200 (13ms, 8621B)
[2026-03-21T16:01:12.072Z] GET http://localhost:3000/css/home.css → 200 (13ms, 10068B)
[2026-03-21T16:01:12.072Z] GET http://localhost:3000/images/logo.png → 200 (14ms, 7364B)
[2026-03-21T16:01:12.073Z] GET http://localhost:3000/images/facilities/image_01.jpg → 200 (13ms, 117633B)
[2026-03-21T16:01:12.073Z] GET http://localhost:3000/js/main.js → 200 (13ms, 1794B)
[2026-03-21T16:01:12.077Z] GET https://fonts.googleapis.com/css2?family=DM+Sans:ital,opsz,wght@0,9..40,300;0,9..40,400;0,9..40,500;0,9..40,600;1,9..40,400&family=Fredoka:wght@400;500;600&display=swap → 200 (1ms, 8100B)
[2026-03-21T16:01:12.088Z] GET https://fonts.gstatic.com/s/dmsans/v17/rP2Wp2ywxg089UriCZaSExdy3sGt9zz86GPwyKy58UfivUw.woff2 → 200 (?ms, ?B)
[2026-03-21T16:01:12.088Z] GET https://fonts.gstatic.com/s/dmsans/v17/rP2Hp2ywxg089UriCZOIHTWEBlw.woff2 → 200 (?ms, ?B)
[2026-03-21T16:01:12.090Z] GET https://fonts.gstatic.com/s/fredoka/v17/X7n64b87HvSqjb_WIi2yDCRwoQ_k7367_DWu89XgHPyh.woff2 → 200 (?ms, ?B)
[2026-03-21T16:01:40.847Z] GET https://www.google.com/maps/embed?pb=!1m18!1m12!1m3!1d2487.5!2d-0.224!3d51.404!2m3!1f0!2f0!3f0!3m2!1i1024!2i768!4f13.1!3m3!1m2!1s0x4876053b5e6e4e4d%3A0x1b3e5c3a2d4e5f6a!2sRaynes%20Park%20Sports%20Ground%2C%20Taunton%20Ave%2C%20London%20SW20%200BH!5e0!3m2!1sen!2suk!4v1234567890 → pending (?ms, ?B)
[2026-03-21T16:01:40.965Z] GET http://localhost:3000/ → 200 (6ms, 17122B)
[2026-03-21T16:01:40.976Z] GET http://localhost:3000/css/global.css → 200 (6ms, 8062B)
[2026-03-21T16:01:40.976Z] GET http://localhost:3000/css/components.css → 200 (8ms, 8621B)
[2026-03-21T16:01:40.976Z] GET http://localhost:3000/css/home.css → 200 (9ms, 10068B)
[2026-03-21T16:01:40.977Z] GET http://localhost:3000/images/logo.png → 200 (8ms, 7364B)
[2026-03-21T16:01:40.977Z] GET http://localhost:3000/images/facilities/image_01.jpg → 200 (8ms, 117633B)
[2026-03-21T16:01:40.977Z] GET http://localhost:3000/js/main.js → 200 (10ms, 1794B)
[2026-03-21T16:01:40.983Z] GET https://fonts.googleapis.com/css2?family=DM+Sans:ital,opsz,wght@0,9..40,300;0,9..40,400;0,9..40,500;0,9..40,600;1,9..40,400&family=Fredoka:wght@400;500;600&display=swap → 200 (?ms, 8100B)
[2026-03-21T16:01:40.987Z] GET https://fonts.gstatic.com/s/dmsans/v17/rP2Wp2ywxg089UriCZaSExdy3sGt9zz86GPwyKy58UfivUw.woff2 → 200 (1ms, ?B)
[2026-03-21T16:01:40.988Z] GET https://fonts.gstatic.com/s/dmsans/v17/rP2Hp2ywxg089UriCZOIHTWEBlw.woff2 → 200 (1ms, ?B)
[2026-03-21T16:01:40.989Z] GET https://fonts.gstatic.com/s/fredoka/v17/X7n64b87HvSqjb_WIi2yDCRwoQ_k7367_DWu89XgHPyh.woff2 → 200 (?ms, ?B)
[2026-03-21T16:01:41.008Z] GET https://www.google.com/maps/embed?pb=!1m18!1m12!1m3!1d2487.5!2d-0.224!3d51.404!2m3!1f0!2f0!3f0!3m2!1i1024!2i768!4f13.1!3m3!1m2!1s0x4876053b5e6e4e4d%3A0x1b3e5c3a2d4e5f6a!2sRaynes%20Park%20Sports%20Ground%2C%20Taunton%20Ave%2C%20London%20SW20%200BH!5e0!3m2!1sen!2suk!4v1234567890 → 200 (175ms, 1364B)
[2026-03-21T16:01:41.184Z] GET https://maps.gstatic.com/maps-api-v3/embed/js/64/5d/init_embed.js → 200 (?ms, 245480B)
[2026-03-21T16:01:41.184Z] GET https://maps.googleapis.com/maps/api/js?key=AIzaSyCmL18misQw9KdwqGaw3zHkitj8vG6QF2Y&paint_origin=&libraries=geometry,search&v=weekly&loading=async&language=en_US&callback=onApiLoad → 200 (2ms, 12908B)
[2026-03-21T16:01:41.186Z] GET https://maps.googleapis.com/maps-api-v3/api/js/64/5d/search.js → 200 (?ms, 2643B)
[2026-03-21T16:01:41.188Z] GET https://maps.googleapis.com/maps-api-v3/api/js/64/5d/geometry.js → 200 (?ms, 7040B)
[2026-03-21T16:01:41.189Z] GET https://maps.googleapis.com/maps-api-v3/api/js/64/5d/main.js → 200 (2ms, 299860B)
[2026-03-21T16:01:41.192Z] GET https://maps.googleapis.com/maps/api/mapsjs/gen_204?csp_test=true → 200 (32ms, 3B)
[2026-03-21T16:01:41.194Z] GET https://maps.googleapis.com/maps-api-v3/api/js/64/5d/common.js → 200 (?ms, 126827B)
[2026-03-21T16:01:41.194Z] GET https://maps.googleapis.com/maps-api-v3/api/js/64/5d/util.js → 200 (1ms, 311790B)
[2026-03-21T16:01:41.196Z] GET https://maps.googleapis.com/maps-api-v3/api/js/64/5d/map.js → 200 (?ms, 81644B)
[2026-03-21T16:01:41.197Z] GET https://maps.googleapis.com/maps-api-v3/api/js/64/5d/places.js → 200 (1ms, 347236B)
[2026-03-21T16:01:41.206Z] GET https://maps.googleapis.com/maps/api/js/StaticMapService.GetMapImage?1m2&1i8377901&2i5586396&2e1&3u16&4m2&1u536&2u380&5m6&1e0&5sen-US&6sus&10b1&12b1&14i47083502&8e1&key=AIzaSyCmL18misQw9KdwqGaw3zHkitj8vG6QF2Y&token=37045 → 200 (?ms, 16476B)
